<?xml version="1.0" encoding="UTF-8"?>
<!-- Generated by org.testng.reporters.JUnitXMLReporter -->
<testsuite hostname="desktop-linux-anh-le" ignored="0" name="Default test" tests="3" failures="0" timestamp="02 Oct 2021 09:23:14 GMT" time="19.491" errors="0">
  <testcase name="TC_01_ValidateCurrentUrl" time="12.716" classname="web_drive.Topic_03_Xpath_Css"/>
  <testcase name="TC_02_ValidatePageTitle" time="0.66" classname="web_drive.Topic_03_Xpath_Css"/>
  <testcase name="TC_03_LoginFormDisplayed" time="0.73" classname="web_drive.Topic_03_Xpath_Css"/>
</testsuite> <!-- Default test -->
