<?xml version="1.0" encoding="UTF-8"?>
<testng-results skipped="0" failed="0" ignored="0" total="3" passed="3">
  <reporter-output>
  </reporter-output>
  <suite name="Default suite" duration-ms="19491" started-at="2021-10-02T09:22:54Z" finished-at="2021-10-02T09:23:14Z">
    <groups>
    </groups>
    <test name="Default test" duration-ms="19491" started-at="2021-10-02T09:22:54Z" finished-at="2021-10-02T09:23:14Z">
      <class name="web_drive.Topic_03_Xpath_Css">
        <test-method status="PASS" signature="beforeClass()[pri:0, instance:web_drive.Topic_03_Xpath_Css@1081592]" name="beforeClass" is-config="true" duration-ms="4937" started-at="2021-10-02T09:22:54Z" finished-at="2021-10-02T09:22:59Z">
          <reporter-output>
          </reporter-output>
        </test-method> <!-- beforeClass -->
        <test-method status="PASS" signature="TC_01_ValidateCurrentUrl()[pri:0, instance:web_drive.Topic_03_Xpath_Css@1081592]" name="TC_01_ValidateCurrentUrl" duration-ms="12716" started-at="2021-10-02T09:22:59Z" finished-at="2021-10-02T09:23:12Z">
          <reporter-output>
          </reporter-output>
        </test-method> <!-- TC_01_ValidateCurrentUrl -->
        <test-method status="PASS" signature="TC_02_ValidatePageTitle()[pri:0, instance:web_drive.Topic_03_Xpath_Css@1081592]" name="TC_02_ValidatePageTitle" duration-ms="660" started-at="2021-10-02T09:23:12Z" finished-at="2021-10-02T09:23:13Z">
          <reporter-output>
          </reporter-output>
        </test-method> <!-- TC_02_ValidatePageTitle -->
        <test-method status="PASS" signature="TC_03_LoginFormDisplayed()[pri:0, instance:web_drive.Topic_03_Xpath_Css@1081592]" name="TC_03_LoginFormDisplayed" duration-ms="730" started-at="2021-10-02T09:23:13Z" finished-at="2021-10-02T09:23:13Z">
          <reporter-output>
          </reporter-output>
        </test-method> <!-- TC_03_LoginFormDisplayed -->
        <test-method status="PASS" signature="afterClass()[pri:0, instance:web_drive.Topic_03_Xpath_Css@1081592]" name="afterClass" is-config="true" duration-ms="434" started-at="2021-10-02T09:23:13Z" finished-at="2021-10-02T09:23:14Z">
          <reporter-output>
          </reporter-output>
        </test-method> <!-- afterClass -->
      </class> <!-- web_drive.Topic_03_Xpath_Css -->
    </test> <!-- Default test -->
  </suite> <!-- Default suite -->
</testng-results>
